<?xml version="1.0" encoding="UTF-8"?>
<testng-results skipped="0" failed="2" total="2" passed="0">
  <reporter-output>
  </reporter-output>
  <suite name="Default suite" duration-ms="13430" started-at="2019-02-06T05:50:20Z" finished-at="2019-02-06T05:50:34Z">
    <groups>
    </groups>
    <test name="Default test" duration-ms="13430" started-at="2019-02-06T05:50:20Z" finished-at="2019-02-06T05:50:34Z">
      <class name="com.platformLayer.ExtentReportsVK">
        <test-method status="PASS" signature="ReportSetup()[pri:0, instance:com.platformLayer.ExtentReportsVK@1c62251]" name="ReportSetup" is-config="true" duration-ms="180" started-at="2019-02-06T11:20:20Z" finished-at="2019-02-06T11:20:20Z">
          <reporter-output>
          </reporter-output>
        </test-method> <!-- ReportSetup -->
        <test-method status="PASS" signature="ReportSetup1(java.lang.reflect.Method)[pri:0, instance:com.platformLayer.ExtentReportsVK@1c62251]" name="ReportSetup1" is-config="true" duration-ms="3" started-at="2019-02-06T11:20:20Z" finished-at="2019-02-06T11:20:20Z">
          <params>
            <param index="0">
              <value>
                <![CDATA[public void com.platformLayer.ExtentReportsVK.VerifyBlogTitle()]]>
              </value>
            </param>
          </params>
          <reporter-output>
          </reporter-output>
        </test-method> <!-- ReportSetup1 -->
        <test-method status="FAIL" signature="VerifyBlogTitle()[pri:0, instance:com.platformLayer.ExtentReportsVK@1c62251]" name="VerifyBlogTitle" duration-ms="7855" started-at="2019-02-06T11:20:20Z" finished-at="2019-02-06T11:20:28Z">
          <exception class="java.lang.AssertionError">
            <message>
              <![CDATA[expected [true] but found [false]]]>
            </message>
            <full-stacktrace>
              <![CDATA[java.lang.AssertionError: expected [true] but found [false]
	at org.testng.Assert.fail(Assert.java:94)
	at org.testng.Assert.failNotEquals(Assert.java:513)
	at org.testng.Assert.assertTrue(Assert.java:42)
	at org.testng.Assert.assertTrue(Assert.java:52)
	at com.platformLayer.ExtentReportsVK.VerifyBlogTitle(ExtentReportsVK.java:43)
	at sun.reflect.NativeMethodAccessorImpl.invoke0(Native Method)
	at sun.reflect.NativeMethodAccessorImpl.invoke(Unknown Source)
	at sun.reflect.DelegatingMethodAccessorImpl.invoke(Unknown Source)
	at java.lang.reflect.Method.invoke(Unknown Source)
	at org.testng.internal.MethodInvocationHelper.invokeMethod(MethodInvocationHelper.java:86)
	at org.testng.internal.Invoker.invokeMethod(Invoker.java:643)
	at org.testng.internal.Invoker.invokeTestMethod(Invoker.java:820)
	at org.testng.internal.Invoker.invokeTestMethods(Invoker.java:1128)
	at org.testng.internal.TestMethodWorker.invokeTestMethods(TestMethodWorker.java:129)
	at org.testng.internal.TestMethodWorker.run(TestMethodWorker.java:112)
	at org.testng.TestRunner.privateRun(TestRunner.java:782)
	at org.testng.TestRunner.run(TestRunner.java:632)
	at org.testng.SuiteRunner.runTest(SuiteRunner.java:366)
	at org.testng.SuiteRunner.runSequentially(SuiteRunner.java:361)
	at org.testng.SuiteRunner.privateRun(SuiteRunner.java:319)
	at org.testng.SuiteRunner.run(SuiteRunner.java:268)
	at org.testng.SuiteRunnerWorker.runSuite(SuiteRunnerWorker.java:52)
	at org.testng.SuiteRunnerWorker.run(SuiteRunnerWorker.java:86)
	at org.testng.TestNG.runSuitesSequentially(TestNG.java:1244)
	at org.testng.TestNG.runSuitesLocally(TestNG.java:1169)
	at org.testng.TestNG.run(TestNG.java:1064)
	at org.testng.remote.AbstractRemoteTestNG.run(AbstractRemoteTestNG.java:132)
	at org.testng.remote.RemoteTestNG.initAndRun(RemoteTestNG.java:230)
	at org.testng.remote.RemoteTestNG.main(RemoteTestNG.java:76)
]]>
            </full-stacktrace>
          </exception> <!-- java.lang.AssertionError -->
          <reporter-output>
          </reporter-output>
        </test-method> <!-- VerifyBlogTitle -->
        <test-method status="PASS" signature="teardown(org.testng.ITestResult)[pri:0, instance:com.platformLayer.ExtentReportsVK@1c62251]" name="teardown" is-config="true" duration-ms="263" started-at="2019-02-06T11:20:28Z" finished-at="2019-02-06T11:20:28Z">
          <params>
            <param index="0">
              <value>
                <![CDATA[[TestResult name=VerifyBlogTitle status=FAILURE method=ExtentReportsVK.VerifyBlogTitle()[pri:0, instance:com.platformLayer.ExtentReportsVK@1c62251] output={null}]]]>
              </value>
            </param>
          </params>
          <reporter-output>
          </reporter-output>
        </test-method> <!-- teardown -->
        <test-method status="FAIL" signature="VerifyGoogleTitle()[pri:0, instance:com.platformLayer.ExtentReportsVK@1c62251]" name="VerifyGoogleTitle" duration-ms="5267" started-at="2019-02-06T11:20:28Z" finished-at="2019-02-06T11:20:34Z">
          <exception class="java.lang.AssertionError">
            <message>
              <![CDATA[expected [true] but found [false]]]>
            </message>
            <full-stacktrace>
              <![CDATA[java.lang.AssertionError: expected [true] but found [false]
	at org.testng.Assert.fail(Assert.java:94)
	at org.testng.Assert.failNotEquals(Assert.java:513)
	at org.testng.Assert.assertTrue(Assert.java:42)
	at org.testng.Assert.assertTrue(Assert.java:52)
	at com.platformLayer.ExtentReportsVK.VerifyGoogleTitle(ExtentReportsVK.java:61)
	at sun.reflect.NativeMethodAccessorImpl.invoke0(Native Method)
	at sun.reflect.NativeMethodAccessorImpl.invoke(Unknown Source)
	at sun.reflect.DelegatingMethodAccessorImpl.invoke(Unknown Source)
	at java.lang.reflect.Method.invoke(Unknown Source)
	at org.testng.internal.MethodInvocationHelper.invokeMethod(MethodInvocationHelper.java:86)
	at org.testng.internal.Invoker.invokeMethod(Invoker.java:643)
	at org.testng.internal.Invoker.invokeTestMethod(Invoker.java:820)
	at org.testng.internal.Invoker.invokeTestMethods(Invoker.java:1128)
	at org.testng.internal.TestMethodWorker.invokeTestMethods(TestMethodWorker.java:129)
	at org.testng.internal.TestMethodWorker.run(TestMethodWorker.java:112)
	at org.testng.TestRunner.privateRun(TestRunner.java:782)
	at org.testng.TestRunner.run(TestRunner.java:632)
	at org.testng.SuiteRunner.runTest(SuiteRunner.java:366)
	at org.testng.SuiteRunner.runSequentially(SuiteRunner.java:361)
	at org.testng.SuiteRunner.privateRun(SuiteRunner.java:319)
	at org.testng.SuiteRunner.run(SuiteRunner.java:268)
	at org.testng.SuiteRunnerWorker.runSuite(SuiteRunnerWorker.java:52)
	at org.testng.SuiteRunnerWorker.run(SuiteRunnerWorker.java:86)
	at org.testng.TestNG.runSuitesSequentially(TestNG.java:1244)
	at org.testng.TestNG.runSuitesLocally(TestNG.java:1169)
	at org.testng.TestNG.run(TestNG.java:1064)
	at org.testng.remote.AbstractRemoteTestNG.run(AbstractRemoteTestNG.java:132)
	at org.testng.remote.RemoteTestNG.initAndRun(RemoteTestNG.java:230)
	at org.testng.remote.RemoteTestNG.main(RemoteTestNG.java:76)
]]>
            </full-stacktrace>
          </exception> <!-- java.lang.AssertionError -->
          <reporter-output>
          </reporter-output>
        </test-method> <!-- VerifyGoogleTitle -->
        <test-method status="PASS" signature="ReportSetup1(java.lang.reflect.Method)[pri:0, instance:com.platformLayer.ExtentReportsVK@1c62251]" name="ReportSetup1" is-config="true" duration-ms="0" started-at="2019-02-06T11:20:28Z" finished-at="2019-02-06T11:20:28Z">
          <params>
            <param index="0">
              <value>
                <![CDATA[public void com.platformLayer.ExtentReportsVK.VerifyGoogleTitle()]]>
              </value>
            </param>
          </params>
          <reporter-output>
          </reporter-output>
        </test-method> <!-- ReportSetup1 -->
        <test-method status="PASS" signature="teardown(org.testng.ITestResult)[pri:0, instance:com.platformLayer.ExtentReportsVK@1c62251]" name="teardown" is-config="true" duration-ms="28" started-at="2019-02-06T11:20:34Z" finished-at="2019-02-06T11:20:34Z">
          <params>
            <param index="0">
              <value>
                <![CDATA[[TestResult name=VerifyGoogleTitle status=FAILURE method=ExtentReportsVK.VerifyGoogleTitle()[pri:0, instance:com.platformLayer.ExtentReportsVK@1c62251] output={null}]]]>
              </value>
            </param>
          </params>
          <reporter-output>
          </reporter-output>
        </test-method> <!-- teardown -->
        <test-method status="PASS" signature="ReportSave()[pri:0, instance:com.platformLayer.ExtentReportsVK@1c62251]" name="ReportSave" is-config="true" duration-ms="3438" started-at="2019-02-06T11:20:34Z" finished-at="2019-02-06T11:20:37Z">
          <reporter-output>
          </reporter-output>
        </test-method> <!-- ReportSave -->
      </class> <!-- com.platformLayer.ExtentReportsVK -->
    </test> <!-- Default test -->
  </suite> <!-- Default suite -->
</testng-results>
